2020-07-12 23:41:16,156 INFO o.a.j.u.JMeterUtils: Setting Locale to en_EN
2020-07-12 23:41:16,202 INFO o.a.j.JMeter: Loading user properties from: /home/epopov/bin/jmeter/bin/user.properties
2020-07-12 23:41:16,203 INFO o.a.j.JMeter: Loading system properties from: /home/epopov/bin/jmeter/bin/system.properties
2020-07-12 23:41:16,205 INFO o.a.j.JMeter: Copyright (c) 1998-2020 The Apache Software Foundation
2020-07-12 23:41:16,205 INFO o.a.j.JMeter: Version 5.3
2020-07-12 23:41:16,205 INFO o.a.j.JMeter: java.version=13.0.2
2020-07-12 23:41:16,206 INFO o.a.j.JMeter: java.vm.name=Java HotSpot(TM) 64-Bit Server VM
2020-07-12 23:41:16,206 INFO o.a.j.JMeter: os.name=Linux
2020-07-12 23:41:16,206 INFO o.a.j.JMeter: os.arch=amd64
2020-07-12 23:41:16,206 INFO o.a.j.JMeter: os.version=5.0.0-32-generic
2020-07-12 23:41:16,206 INFO o.a.j.JMeter: file.encoding=UTF-8
2020-07-12 23:41:16,207 INFO o.a.j.JMeter: java.awt.headless=true
2020-07-12 23:41:16,207 INFO o.a.j.JMeter: Max memory     =1073741824
2020-07-12 23:41:16,207 INFO o.a.j.JMeter: Available Processors =4
2020-07-12 23:41:16,229 INFO o.a.j.JMeter: Default Locale=English (EN)
2020-07-12 23:41:16,229 INFO o.a.j.JMeter: JMeter  Locale=English (EN)
2020-07-12 23:41:16,230 INFO o.a.j.JMeter: JMeterHome=/home/epopov/bin/jmeter
2020-07-12 23:41:16,230 INFO o.a.j.JMeter: user.dir  =/home/epopov/Курсы/OTUS/arch/otusarch/cache/cacheservice
2020-07-12 23:41:16,230 INFO o.a.j.JMeter: PWD       =/home/epopov/Курсы/OTUS/arch/otusarch/cache/cacheservice
2020-07-12 23:41:16,232 INFO o.a.j.JMeter: IP: 192.168.0.14 Name: minikube FullName: minikube
2020-07-12 23:41:16,236 INFO o.a.j.JMeter: Setting property 'jmeter.reportgenerator.outputdir' to:'/home/epopov/Курсы/OTUS/arch/otusarch/cache/cacheservice/./results/withoutcache/html-report'
2020-07-12 23:41:16,244 INFO o.a.j.r.d.ReportGenerator: ReportGenerator will use for Parsing the separator: ','
2020-07-12 23:41:16,244 INFO o.a.j.r.d.ReportGenerator: Will only generate report from results file: ./results/withoutcache/testproduct.jtl
2020-07-12 23:41:16,245 INFO o.a.j.r.d.ReportGenerator: Reading report generator properties from: /home/epopov/bin/jmeter/bin/reportgenerator.properties
2020-07-12 23:41:16,248 INFO o.a.j.r.d.ReportGenerator: Merging with JMeter properties
2020-07-12 23:41:16,258 INFO o.a.j.r.c.ReportGeneratorConfiguration: Property 'jmeter.reportgenerator.temp_dir' not found, using default value 'temp' instead.
2020-07-12 23:41:16,270 INFO o.a.j.r.c.ReportGeneratorConfiguration: Property 'jmeter.reportgenerator.apdex_per_transaction' not found, using default value 'null' instead.
2020-07-12 23:41:16,274 INFO o.a.j.r.c.ReportGeneratorConfiguration: apdex_per_transaction is empty, not APDEX per transaction customization
2020-07-12 23:41:16,274 INFO o.a.j.r.c.ReportGeneratorConfiguration: Property 'jmeter.reportgenerator.sample_filter' not found, using default value 'null' instead.
2020-07-12 23:41:16,275 INFO o.a.j.r.c.ReportGeneratorConfiguration: Property 'jmeter.reportgenerator.report_title' not found, using default value 'null' instead.
2020-07-12 23:41:16,275 INFO o.a.j.r.c.ReportGeneratorConfiguration: Property 'jmeter.reportgenerator.start_date' not found, using default value 'null' instead.
2020-07-12 23:41:16,275 INFO o.a.j.r.c.ReportGeneratorConfiguration: Property 'jmeter.reportgenerator.end_date' not found, using default value 'null' instead.
2020-07-12 23:41:16,275 INFO o.a.j.r.c.ReportGeneratorConfiguration: Property 'jmeter.reportgenerator.date_format' not found, using default value 'null' instead.
2020-07-12 23:41:16,276 INFO o.a.j.r.c.ReportGeneratorConfiguration: Will use date range start date: null, end date: null
2020-07-12 23:41:16,282 INFO o.a.j.r.c.ReportGeneratorConfiguration: Property 'jmeter.reportgenerator.graph.totalTPS.exclude_controllers' not found, using default value 'false' instead.
2020-07-12 23:41:16,283 INFO o.a.j.r.c.ReportGeneratorConfiguration: Property 'jmeter.reportgenerator.graph.activeThreadsOverTime.exclude_controllers' not found, using default value 'false' instead.
2020-07-12 23:41:16,283 INFO o.a.j.r.c.ReportGeneratorConfiguration: Property 'jmeter.reportgenerator.graph.timeVsThreads.exclude_controllers' not found, using default value 'false' instead.
2020-07-12 23:41:16,283 INFO o.a.j.r.c.ReportGeneratorConfiguration: Property 'jmeter.reportgenerator.graph.responseTimeDistribution.exclude_controllers' not found, using default value 'false' instead.
2020-07-12 23:41:16,284 INFO o.a.j.r.c.ReportGeneratorConfiguration: Property 'jmeter.reportgenerator.graph.transactionsPerSecond.exclude_controllers' not found, using default value 'false' instead.
2020-07-12 23:41:16,284 INFO o.a.j.r.c.ReportGeneratorConfiguration: Property 'jmeter.reportgenerator.graph.responseTimePercentiles.exclude_controllers' not found, using default value 'false' instead.
2020-07-12 23:41:16,285 INFO o.a.j.r.c.ReportGeneratorConfiguration: Property 'jmeter.reportgenerator.graph.responseTimePercentilesOverTime.exclude_controllers' not found, using default value 'false' instead.
2020-07-12 23:41:16,285 INFO o.a.j.r.c.ReportGeneratorConfiguration: Property 'jmeter.reportgenerator.graph.responseTimesOverTime.exclude_controllers' not found, using default value 'false' instead.
2020-07-12 23:41:16,286 INFO o.a.j.r.c.ReportGeneratorConfiguration: Property 'jmeter.reportgenerator.graph.connectTimeOverTime.exclude_controllers' not found, using default value 'false' instead.
2020-07-12 23:41:16,286 INFO o.a.j.r.c.ReportGeneratorConfiguration: Property 'jmeter.reportgenerator.graph.latenciesOverTime.exclude_controllers' not found, using default value 'false' instead.
2020-07-12 23:41:16,288 INFO o.a.j.r.c.ReportGeneratorConfiguration: Property 'jmeter.reportgenerator.exporter.json.filters_only_sample_series' not found, using default value 'true' instead.
2020-07-12 23:41:16,289 INFO o.a.j.r.c.ReportGeneratorConfiguration: Property 'jmeter.reportgenerator.exporter.json.series_filter' not found, using default value '' instead.
2020-07-12 23:41:16,289 INFO o.a.j.r.c.ReportGeneratorConfiguration: Property 'jmeter.reportgenerator.exporter.json.show_controllers_only' not found, using default value 'false' instead.
2020-07-12 23:41:16,290 INFO o.a.j.r.c.ReportGeneratorConfiguration: Property 'jmeter.reportgenerator.exporter.html.filters_only_sample_series' not found, using default value 'true' instead.
2020-07-12 23:41:16,291 INFO o.a.j.r.c.ReportGeneratorConfiguration: Property 'jmeter.reportgenerator.exporter.html.series_filter' not found, using default value '' instead.
2020-07-12 23:41:16,291 INFO o.a.j.r.c.ReportGeneratorConfiguration: Property 'jmeter.reportgenerator.exporter.html.show_controllers_only' not found, using default value 'false' instead.
2020-07-12 23:41:16,541 INFO o.a.j.s.SaveService: Testplan (JMX) version: 2.2. Testlog (JTL) version: 2.2
2020-07-12 23:41:16,581 INFO o.a.j.s.SaveService: Using SaveService properties version 5.0
2020-07-12 23:41:16,589 INFO o.a.j.s.SaveService: Using SaveService properties file encoding UTF-8
2020-07-12 23:41:16,676 INFO o.a.j.r.p.NormalizerSampleConsumer: Using format, 'ms', to parse timeStamp field
2020-07-12 23:41:23,251 INFO o.a.j.r.p.AbstractSampleConsumer: class org.apache.jmeter.report.processor.AggregateConsumer#stopProducing(): beginDate produced 0 samples
2020-07-12 23:41:23,251 INFO o.a.j.r.p.AbstractSampleConsumer: class org.apache.jmeter.report.processor.AggregateConsumer#stopProducing(): endDate produced 0 samples
2020-07-12 23:41:23,273 INFO o.a.j.r.p.AbstractSampleConsumer: class org.apache.jmeter.report.processor.ApdexSummaryConsumer#stopProducing(): apdexSummary produced 0 samples
2020-07-12 23:41:23,273 INFO o.a.j.r.p.AbstractSampleConsumer: class org.apache.jmeter.report.processor.RequestsSummaryConsumer#stopProducing(): requestsSummary produced 0 samples
2020-07-12 23:41:23,306 INFO o.a.j.r.p.AbstractSampleConsumer: class org.apache.jmeter.report.processor.StatisticsSummaryConsumer#stopProducing(): statisticsSummary produced 0 samples
2020-07-12 23:41:23,312 INFO o.a.j.r.p.AbstractSampleConsumer: class org.apache.jmeter.report.processor.Top5ErrorsBySamplerConsumer#stopProducing(): top5ErrorsBySampler produced 0 samples
2020-07-12 23:41:23,312 INFO o.a.j.r.p.AbstractSampleConsumer: class org.apache.jmeter.report.processor.ErrorsSummaryConsumer#stopProducing(): errorsSummary produced 0 samples
2020-07-12 23:41:23,312 INFO o.a.j.r.p.AbstractSampleConsumer: class org.apache.jmeter.report.processor.graph.impl.HitsPerSecondGraphConsumer#stopProducing(): hitsPerSecond produced 0 samples
2020-07-12 23:41:24,626 INFO o.a.j.r.p.AbstractSampleConsumer: class org.apache.jmeter.report.processor.graph.impl.LatencyVSRequestGraphConsumer#stopProducing(): latencyVsRequest produced 0 samples
2020-07-12 23:41:24,638 INFO o.a.j.r.p.AbstractSampleConsumer: class org.apache.jmeter.report.processor.graph.impl.SyntheticResponseTimeDistributionGraphConsumer#stopProducing(): syntheticResponseTimeDistribution produced 0 samples
2020-07-12 23:41:24,639 INFO o.a.j.r.p.AbstractSampleConsumer: class org.apache.jmeter.report.processor.graph.impl.BytesThroughputGraphConsumer#stopProducing(): bytesThroughputOverTime produced 0 samples
2020-07-12 23:41:24,639 INFO o.a.j.r.p.AbstractSampleConsumer: class org.apache.jmeter.report.processor.graph.impl.CodesPerSecondGraphConsumer#stopProducing(): codesPerSecond produced 0 samples
2020-07-12 23:41:25,908 INFO o.a.j.r.p.AbstractSampleConsumer: class org.apache.jmeter.report.processor.graph.impl.ResponseTimeVSRequestGraphConsumer#stopProducing(): responseTimeVsRequest produced 0 samples
2020-07-12 23:41:25,917 INFO o.a.j.r.p.AbstractSampleConsumer: class org.apache.jmeter.report.processor.FilterConsumer#stopProducing(): startIntervalControlerFilter produced 1471589 samples
2020-07-12 23:41:25,917 INFO o.a.j.r.p.AbstractSampleConsumer: class org.apache.jmeter.report.processor.graph.impl.TotalTPSGraphConsumer#stopProducing(): totalTPS produced 0 samples
2020-07-12 23:41:25,918 INFO o.a.j.r.p.AbstractSampleConsumer: class org.apache.jmeter.report.processor.graph.impl.ActiveThreadsGraphConsumer#stopProducing(): activeThreadsOverTime produced 0 samples
2020-07-12 23:41:25,918 INFO o.a.j.r.p.AbstractSampleConsumer: class org.apache.jmeter.report.processor.graph.impl.TimeVSThreadGraphConsumer#stopProducing(): timeVsThreads produced 0 samples
2020-07-12 23:41:25,919 INFO o.a.j.r.p.AbstractSampleConsumer: class org.apache.jmeter.report.processor.graph.impl.ResponseTimeDistributionGraphConsumer#stopProducing(): responseTimeDistribution produced 0 samples
2020-07-12 23:41:25,919 INFO o.a.j.r.p.AbstractSampleConsumer: class org.apache.jmeter.report.processor.graph.impl.TransactionsPerSecondGraphConsumer#stopProducing(): transactionsPerSecond produced 0 samples
2020-07-12 23:41:25,920 INFO o.a.j.r.p.AbstractSampleConsumer: class org.apache.jmeter.report.processor.graph.impl.ResponseTimePercentilesGraphConsumer#stopProducing(): responseTimePercentiles produced 0 samples
2020-07-12 23:41:25,995 INFO o.a.j.r.p.AbstractSampleConsumer: class org.apache.jmeter.report.processor.graph.impl.ResponseTimePercentilesOverTimeGraphConsumer#stopProducing(): responseTimePercentilesOverTime produced 0 samples
2020-07-12 23:41:26,014 INFO o.a.j.r.p.AbstractSampleConsumer: class org.apache.jmeter.report.processor.graph.impl.ResponseTimeOverTimeGraphConsumer#stopProducing(): responseTimesOverTime produced 0 samples
2020-07-12 23:41:26,014 INFO o.a.j.r.p.AbstractSampleConsumer: class org.apache.jmeter.report.processor.graph.impl.ConnectTimeOverTimeGraphConsumer#stopProducing(): connectTimeOverTime produced 0 samples
2020-07-12 23:41:26,015 INFO o.a.j.r.p.AbstractSampleConsumer: class org.apache.jmeter.report.processor.graph.impl.LatencyOverTimeGraphConsumer#stopProducing(): latenciesOverTime produced 0 samples
2020-07-12 23:41:26,015 INFO o.a.j.r.p.AbstractSampleConsumer: class org.apache.jmeter.report.processor.FilterConsumer#stopProducing(): nameFilter produced 3153405 samples
2020-07-12 23:41:26,016 INFO o.a.j.r.p.AbstractSampleConsumer: class org.apache.jmeter.report.processor.FilterConsumer#stopProducing(): dateRangeFilter produced 630681 samples
2020-07-12 23:41:26,016 INFO o.a.j.r.p.AbstractSampleConsumer: class org.apache.jmeter.report.processor.NormalizerSampleConsumer#stopProducing(): normalizer produced 210227 samples
2020-07-12 23:41:26,017 INFO o.a.j.r.p.CsvFileSampleSource: produce(): 210227 samples produced in 9s 289 ms on channel 0
2020-07-12 23:41:26,017 INFO o.a.j.r.d.ReportGenerator: Exporting data using exporter:'json' of className:'org.apache.jmeter.report.dashboard.JsonExporter'
2020-07-12 23:41:26,027 INFO o.a.j.r.d.JsonExporter: Found data for consumer statisticsSummary in context
2020-07-12 23:41:26,027 INFO o.a.j.r.d.JsonExporter: Creating statistics for overall
2020-07-12 23:41:26,029 INFO o.a.j.r.d.JsonExporter: Creating statistics for other transactions
2020-07-12 23:41:26,033 INFO o.a.j.r.d.JsonExporter: Checking output folder
2020-07-12 23:41:26,033 INFO o.a.j.r.d.JsonExporter: Writing statistics JSON to /home/epopov/Курсы/OTUS/arch/otusarch/cache/cacheservice/./results/withoutcache/html-report/statistics.json
2020-07-12 23:41:26,308 INFO o.a.j.r.d.ReportGenerator: Exporting data using exporter:'html' of className:'org.apache.jmeter.report.dashboard.HtmlTemplateExporter'
2020-07-12 23:41:26,312 INFO o.a.j.r.d.HtmlTemplateExporter: Will generate dashboard in folder: /home/epopov/Курсы/OTUS/arch/otusarch/cache/cacheservice/./results/withoutcache/html-report
2020-07-12 23:41:26,521 ERROR f.configuration: DefaultObjectWrapper.incompatibleImprovements was set to the object returned by Configuration.getVersion(). That defeats the purpose of incompatibleImprovements, and makes upgrading FreeMarker a potentially breaking change. Also, this probably won't be allowed starting from 2.4.0. Instead, set incompatibleImprovements to the highest concrete version that's known to be compatible with your application.
2020-07-12 23:41:26,523 ERROR f.configuration: Configuration.incompatibleImprovements was set to the object returned by Configuration.getVersion(). That defeats the purpose of incompatibleImprovements, and makes upgrading FreeMarker a potentially breaking change. Also, this probably won't be allowed starting from 2.4.0. Instead, set incompatibleImprovements to the highest concrete version that's known to be compatible with your application.
2020-07-12 23:41:26,534 INFO o.a.j.r.d.HtmlTemplateExporter: Report will be generated in: /home/epopov/Курсы/OTUS/arch/otusarch/cache/cacheservice/./results/withoutcache/html-report, creating folder structure
2020-07-12 23:41:26,540 INFO o.a.j.r.d.TemplateVisitor: Copying folder from '/home/epopov/bin/jmeter/bin/report-template' to '/home/epopov/Курсы/OTUS/arch/otusarch/cache/cacheservice/./results/withoutcache/html-report', got message: /home/epopov/Курсы/OTUS/arch/otusarch/cache/cacheservice/./results/withoutcache/html-report, found non empty folder with following content [/home/epopov/Курсы/OTUS/arch/otusarch/cache/cacheservice/./results/withoutcache/html-report/statistics.json], will be ignored
